{"numFailedTestSuites":1,"numFailedTests":3,"numPassedTestSuites":0,"numPassedTests":0,"numPendingTestSuites":0,"numPendingTests":0,"numRuntimeErrorTestSuites":1,"numTodoTests":0,"numTotalTestSuites":1,"numTotalTests":3,"openHandles":[],"snapshot":{"added":0,"didUpdate":false,"failure":false,"filesAdded":0,"filesRemoved":0,"filesRemovedList":[],"filesUnmatched":0,"filesUpdated":0,"matched":0,"total":0,"unchecked":0,"uncheckedKeysByFile":[],"unmatched":0,"updated":0},"startTime":1752560942643,"success":false,"testResults":[{"assertionResults":[{"ancestorTitles":["User Journeys"],"duration":1468,"failureDetails":[{}],"failureMessages":["Error: Node is either not clickable or not an Element\n    at CdpElementHandle.clickablePoint (/Users/jamesgates/Documents/ProjectArrowhead/node_modules/puppeteer-core/src/api/ElementHandle.ts:728:13)\n    at CdpElementHandle.<anonymous> (/Users/jamesgates/Documents/ProjectArrowhead/node_modules/puppeteer-core/src/api/ElementHandle.ts:129:14)\n    at CdpElementHandle.click (/Users/jamesgates/Documents/ProjectArrowhead/node_modules/puppeteer-core/src/api/ElementHandle.ts:767:20)\n    at CdpElementHandle.<anonymous> (/Users/jamesgates/Documents/ProjectArrowhead/node_modules/puppeteer-core/src/api/ElementHandle.ts:139:20)\n    at CdpFrame.click (/Users/jamesgates/Documents/ProjectArrowhead/node_modules/puppeteer-core/src/api/Frame.ts:1070:5)\n    at async Promise.all (index 1)\n    at clickAndNavigate (/Users/jamesgates/Documents/ProjectArrowhead/tests/test-utils.js:8:3)\n    at Object.<anonymous> (/Users/jamesgates/Documents/ProjectArrowhead/tests/journeys.test.js:75:13)"],"fullName":"User Journeys should complete the Brainstorm Habit journey, download, and verify the JSON output","invocations":1,"location":null,"numPassingAsserts":0,"retryReasons":[],"status":"failed","title":"should complete the Brainstorm Habit journey, download, and verify the JSON output"},{"ancestorTitles":["User Journeys"],"duration":30736,"failureDetails":[{"name":"TimeoutError"}],"failureMessages":["TimeoutError: Waiting for selector `div[onclick=\"startChoosePath()\"]` failed: Waiting failed: 30000ms exceeded\n    at new WaitTask (/Users/jamesgates/Documents/ProjectArrowhead/node_modules/puppeteer-core/src/common/WaitTask.ts:76:28)\n    at IsolatedWorld.waitForFunction (/Users/jamesgates/Documents/ProjectArrowhead/node_modules/puppeteer-core/src/api/Realm.ts:74:22)\n    at Function.waitFor (/Users/jamesgates/Documents/ProjectArrowhead/node_modules/puppeteer-core/src/common/QueryHandler.ts:170:50)\n    at CdpFrame.waitForSelector (/Users/jamesgates/Documents/ProjectArrowhead/node_modules/puppeteer-core/src/api/Frame.ts:747:13)\n    at CdpPage.waitForSelector (/Users/jamesgates/Documents/ProjectArrowhead/node_modules/puppeteer-core/src/api/Page.ts:3036:12)\n    at Object.<anonymous> (/Users/jamesgates/Documents/ProjectArrowhead/tests/journeys.test.js:164:13)"],"fullName":"User Journeys should complete the Choose Module journey, download, and verify the JSON output","invocations":1,"location":null,"numPassingAsserts":0,"retryReasons":[],"status":"failed","title":"should complete the Choose Module journey, download, and verify the JSON output"},{"ancestorTitles":["User Journeys"],"duration":1012,"failureDetails":[{}],"failureMessages":["Error: No element found for selector: #taskInput\n    at assert (/Users/jamesgates/Documents/ProjectArrowhead/node_modules/puppeteer-core/src/util/assert.ts:19:11)\n    at CdpFrame.type (/Users/jamesgates/Documents/ProjectArrowhead/node_modules/puppeteer-core/src/api/Frame.ts:1167:11)\n    at Object.<anonymous> (/Users/jamesgates/Documents/ProjectArrowhead/tests/journeys.test.js:251:13)"],"fullName":"User Journeys should preserve task list data across a mixed-module journey","invocations":1,"location":null,"numPassingAsserts":0,"retryReasons":[],"status":"failed","title":"should preserve task list data across a mixed-module journey"}],"coverage":{},"endTime":1752560983522,"message":"\u001b[1m\u001b[31m  \u001b[1m● \u001b[22m\u001b[1mUser Journeys › should complete the Brainstorm Habit journey, download, and verify the JSON output\u001b[39m\u001b[22m\n\n    Node is either not clickable or not an Element\n\u001b[2m\u001b[22m\n\u001b[2m    \u001b[0m \u001b[90m  6 |\u001b[39m \u001b[90m */\u001b[39m\u001b[22m\n\u001b[2m     \u001b[90m  7 |\u001b[39m \u001b[36masync\u001b[39m \u001b[36mfunction\u001b[39m clickAndNavigate(page\u001b[33m,\u001b[39m selector) {\u001b[22m\n\u001b[2m    \u001b[31m\u001b[1m>\u001b[22m\u001b[2m\u001b[39m\u001b[90m  8 |\u001b[39m     \u001b[36mawait\u001b[39m \u001b[33mPromise\u001b[39m\u001b[33m.\u001b[39mall([\u001b[22m\n\u001b[2m     \u001b[90m    |\u001b[39m   \u001b[31m\u001b[1m^\u001b[22m\u001b[2m\u001b[39m\u001b[22m\n\u001b[2m     \u001b[90m  9 |\u001b[39m         page\u001b[33m.\u001b[39mwaitForNavigation()\u001b[33m,\u001b[39m\u001b[22m\n\u001b[2m     \u001b[90m 10 |\u001b[39m         page\u001b[33m.\u001b[39mclick(selector)\u001b[33m,\u001b[39m\u001b[22m\n\u001b[2m     \u001b[90m 11 |\u001b[39m     ])\u001b[33m;\u001b[39m\u001b[0m\u001b[22m\n\u001b[2m\u001b[22m\n\u001b[2m      \u001b[2mat CdpElementHandle.clickablePoint (\u001b[22m\u001b[2mnode_modules/puppeteer-core/src/api/ElementHandle.ts\u001b[2m:728:13)\u001b[22m\u001b[2m\u001b[22m\n\u001b[2m      \u001b[2mat CdpElementHandle.<anonymous> (\u001b[22m\u001b[2mnode_modules/puppeteer-core/src/api/ElementHandle.ts\u001b[2m:129:14)\u001b[22m\u001b[2m\u001b[22m\n\u001b[2m      \u001b[2mat CdpElementHandle.click (\u001b[22m\u001b[2mnode_modules/puppeteer-core/src/api/ElementHandle.ts\u001b[2m:767:20)\u001b[22m\u001b[2m\u001b[22m\n\u001b[2m      \u001b[2mat CdpElementHandle.<anonymous> (\u001b[22m\u001b[2mnode_modules/puppeteer-core/src/api/ElementHandle.ts\u001b[2m:139:20)\u001b[22m\u001b[2m\u001b[22m\n\u001b[2m      \u001b[2mat CdpFrame.click (\u001b[22m\u001b[2mnode_modules/puppeteer-core/src/api/Frame.ts\u001b[2m:1070:5)\u001b[22m\u001b[2m\u001b[22m\n\u001b[2m          at async Promise.all (index 1)\u001b[22m\n\u001b[2m      \u001b[2mat clickAndNavigate (\u001b[22m\u001b[2mtests/test-utils.js\u001b[2m:8:3)\u001b[22m\u001b[2m\u001b[22m\n\u001b[2m      \u001b[2mat Object.<anonymous> (\u001b[22m\u001b[2m\u001b[0m\u001b[36mtests/journeys.test.js\u001b[39m\u001b[0m\u001b[2m:75:13)\u001b[22m\u001b[2m\u001b[22m\n\n\u001b[1m\u001b[31m  \u001b[1m● \u001b[22m\u001b[1mUser Journeys › should complete the Choose Module journey, download, and verify the JSON output\u001b[39m\u001b[22m\n\n    TimeoutError: Waiting for selector `div[onclick=\"startChoosePath()\"]` failed: Waiting failed: 30000ms exceeded\n\u001b[2m\u001b[22m\n\u001b[2m    \u001b[0m \u001b[90m 162 |\u001b[39m             \u001b[90m// 2. Navigate and start the journey\u001b[39m\u001b[22m\n\u001b[2m     \u001b[90m 163 |\u001b[39m             \u001b[36mawait\u001b[39m page\u001b[33m.\u001b[39mgoto(serverUrl)\u001b[33m;\u001b[39m\u001b[22m\n\u001b[2m    \u001b[31m\u001b[1m>\u001b[22m\u001b[2m\u001b[39m\u001b[90m 164 |\u001b[39m             \u001b[36mawait\u001b[39m page\u001b[33m.\u001b[39mwaitForSelector(\u001b[32m'#loadingScreen'\u001b[39m\u001b[33m,\u001b[39m { hidden\u001b[33m:\u001b[39m \u001b[36mtrue\u001b[39m })\u001b[33m;\u001b[39m\u001b[22m\n\u001b[2m     \u001b[90m     |\u001b[39m             \u001b[31m\u001b[1m^\u001b[22m\u001b[2m\u001b[39m\u001b[22m\n\u001b[2m     \u001b[90m 165 |\u001b[39m             \u001b[36mconst\u001b[39m chooseButtonSelector \u001b[33m=\u001b[39m \u001b[32m'div[onclick=\"startChoosePath()\"]'\u001b[39m\u001b[33m;\u001b[39m\u001b[22m\n\u001b[2m     \u001b[90m 166 |\u001b[39m             \u001b[36mawait\u001b[39m page\u001b[33m.\u001b[39mwaitForSelector(chooseButtonSelector)\u001b[33m;\u001b[39m\u001b[22m\n\u001b[2m     \u001b[90m 167 |\u001b[39m             \u001b[36mawait\u001b[39m clickAndNavigate(page\u001b[33m,\u001b[39m chooseButtonSelector)\u001b[33m;\u001b[39m\u001b[0m\u001b[22m\n\u001b[2m\u001b[22m\n\u001b[2m      \u001b[2mat new WaitTask (\u001b[22m\u001b[2mnode_modules/puppeteer-core/src/common/WaitTask.ts\u001b[2m:76:28)\u001b[22m\u001b[2m\u001b[22m\n\u001b[2m      \u001b[2mat IsolatedWorld.waitForFunction (\u001b[22m\u001b[2mnode_modules/puppeteer-core/src/api/Realm.ts\u001b[2m:74:22)\u001b[22m\u001b[2m\u001b[22m\n\u001b[2m      \u001b[2mat Function.waitFor (\u001b[22m\u001b[2mnode_modules/puppeteer-core/src/common/QueryHandler.ts\u001b[2m:170:50)\u001b[22m\u001b[2m\u001b[22m\n\u001b[2m      \u001b[2mat CdpFrame.waitForSelector (\u001b[22m\u001b[2mnode_modules/puppeteer-core/src/api/Frame.ts\u001b[2m:747:13)\u001b[22m\u001b[2m\u001b[22m\n\u001b[2m      \u001b[2mat CdpPage.waitForSelector (\u001b[22m\u001b[2mnode_modules/puppeteer-core/src/api/Page.ts\u001b[2m:3036:12)\u001b[22m\u001b[2m\u001b[22m\n\u001b[2m      \u001b[2mat Object.<anonymous> (\u001b[22m\u001b[2m\u001b[0m\u001b[36mtests/journeys.test.js\u001b[39m\u001b[0m\u001b[2m:164:13)\u001b[22m\u001b[2m\u001b[22m\n\n\u001b[1m\u001b[31m  \u001b[1m● \u001b[22m\u001b[1mUser Journeys › should preserve task list data across a mixed-module journey\u001b[39m\u001b[22m\n\n    No element found for selector: #taskInput\n\u001b[2m\u001b[22m\n\u001b[2m    \u001b[0m \u001b[90m 249 |\u001b[39m\u001b[22m\n\u001b[2m     \u001b[90m 250 |\u001b[39m         \u001b[36mtry\u001b[39m {\u001b[22m\n\u001b[2m    \u001b[31m\u001b[1m>\u001b[22m\u001b[2m\u001b[39m\u001b[90m 251 |\u001b[39m             \u001b[90m// 2. Start on Task List Page and add a task\u001b[39m\u001b[22m\n\u001b[2m     \u001b[90m     |\u001b[39m             \u001b[31m\u001b[1m^\u001b[22m\u001b[2m\u001b[39m\u001b[22m\n\u001b[2m     \u001b[90m 252 |\u001b[39m             \u001b[36mawait\u001b[39m page\u001b[33m.\u001b[39mgoto(\u001b[32m`${serverUrl}/TaskListPage.html`\u001b[39m)\u001b[33m;\u001b[39m\u001b[22m\n\u001b[2m     \u001b[90m 253 |\u001b[39m             \u001b[36mawait\u001b[39m page\u001b[33m.\u001b[39mwaitForSelector(\u001b[32m'#loadingScreen'\u001b[39m\u001b[33m,\u001b[39m { hidden\u001b[33m:\u001b[39m \u001b[36mtrue\u001b[39m })\u001b[33m;\u001b[39m\u001b[22m\n\u001b[2m     \u001b[90m 254 |\u001b[39m             \u001b[36mawait\u001b[39m page\u001b[33m.\u001b[39mtype(\u001b[32m'#taskInput'\u001b[39m\u001b[33m,\u001b[39m taskText)\u001b[33m;\u001b[39m\u001b[0m\u001b[22m\n\u001b[2m\u001b[22m\n\u001b[2m      \u001b[2mat assert (\u001b[22m\u001b[2mnode_modules/puppeteer-core/src/util/assert.ts\u001b[2m:19:11)\u001b[22m\u001b[2m\u001b[22m\n\u001b[2m      \u001b[2mat CdpFrame.type (\u001b[22m\u001b[2mnode_modules/puppeteer-core/src/api/Frame.ts\u001b[2m:1167:11)\u001b[22m\u001b[2m\u001b[22m\n\u001b[2m      \u001b[2mat Object.<anonymous> (\u001b[22m\u001b[2m\u001b[0m\u001b[36mtests/journeys.test.js\u001b[39m\u001b[0m\u001b[2m:251:13)\u001b[22m\u001b[2m\u001b[22m\n\n\n  \u001b[1m● \u001b[22mTest suite failed to run\n\n    kill ESRCH\n\n    \u001b[0m \u001b[90m 44 |\u001b[39m         server\u001b[33m.\u001b[39mstdout\u001b[33m.\u001b[39mremoveAllListeners()\u001b[33m;\u001b[39m\n     \u001b[90m 45 |\u001b[39m         server\u001b[33m.\u001b[39mstderr\u001b[33m.\u001b[39mremoveAllListeners()\u001b[33m;\u001b[39m\n    \u001b[31m\u001b[1m>\u001b[22m\u001b[39m\u001b[90m 46 |\u001b[39m         process\u001b[33m.\u001b[39mkill(\u001b[33m-\u001b[39mserver\u001b[33m.\u001b[39mpid)\u001b[33m;\u001b[39m\n     \u001b[90m    |\u001b[39m                 \u001b[31m\u001b[1m^\u001b[22m\u001b[39m\n     \u001b[90m 47 |\u001b[39m     })\u001b[33m;\u001b[39m\n     \u001b[90m 48 |\u001b[39m\n     \u001b[90m 49 |\u001b[39m     beforeEach(\u001b[36masync\u001b[39m () \u001b[33m=>\u001b[39m {\u001b[0m\n\n      \u001b[2mat Object.kill (\u001b[22m\u001b[0m\u001b[36mtests/journeys.test.js\u001b[39m\u001b[0m\u001b[2m:46:17)\u001b[22m\n","name":"/Users/jamesgates/Documents/ProjectArrowhead/tests/journeys.test.js","startTime":1752560983522,"status":"failed","summary":""}],"wasInterrupted":false}
