TN:
SF:server/db.ts
FN:16,getDb
FN:74,closeDb
FN:84,get
FNF:3
FNH:2
FNDA:100,getDb
FNDA:0,closeDb
FNDA:21,get
DA:1,2
DA:2,2
DA:3,2
DA:4,2
DA:5,2
DA:8,2
DA:9,2
DA:10,2
DA:11,2
DA:13,2
DA:14,2
DA:16,2
DA:17,100
DA:18,100
DA:19,0
DA:20,0
DA:22,10
DA:23,10
DA:24,10
DA:25,10
DA:27,100
DA:28,0
DA:29,0
DA:32,100
DA:35,100
DA:36,100
DA:39,100
DA:40,0
DA:41,0
DA:44,10
DA:46,10
DA:47,100
DA:49,0
DA:50,0
DA:52,10
DA:54,10
DA:55,10
DA:56,10
DA:57,10
DA:58,0
DA:59,0
DA:60,0
DA:61,0
DA:62,0
DA:64,100
DA:65,100
DA:66,100
DA:67,100
DA:69,100
DA:70,100
DA:71,100
DA:72,100
DA:74,0
DA:75,0
DA:76,0
DA:77,0
DA:78,0
DA:79,0
DA:80,0
DA:83,2
DA:84,2
DA:85,21
DA:86,21
DA:87,21
DA:88,2
LF:65
LH:45
BRDA:16,0,0,100
BRDA:17,1,0,90
BRDA:17,2,0,10
BRDA:18,3,0,0
BRDA:20,4,0,10
BRDA:27,5,0,0
BRDA:29,6,0,10
BRDA:32,7,0,0
BRDA:36,8,0,0
BRDA:39,9,0,10
BRDA:39,10,0,10
BRDA:39,11,0,0
BRDA:41,12,0,10
BRDA:47,13,0,0
BRDA:50,14,0,10
BRDA:57,15,0,0
BRDA:84,16,0,21
BRF:17
BRH:10
end_of_record
TN:
SF:server/auth/jwt.ts
FN:3,base64url
FN:8,signJwt
FN:21,verifyJwt
FNF:3
FNH:2
FNDA:3,base64url
FNDA:1,signJwt
FNDA:0,verifyJwt
DA:1,1
DA:3,3
DA:4,3
DA:5,3
DA:6,3
DA:8,1
DA:9,1
DA:10,1
DA:11,1
DA:13,1
DA:14,1
DA:15,1
DA:16,1
DA:17,1
DA:18,1
DA:19,1
DA:21,1
DA:22,0
DA:23,0
DA:24,0
DA:25,0
DA:26,0
DA:27,0
DA:28,0
DA:29,0
DA:30,0
DA:31,0
DA:32,0
DA:33,0
DA:34,0
DA:35,0
DA:36,0
DA:37,0
LF:33
LH:17
BRDA:3,0,0,3
BRDA:4,1,0,1
BRDA:4,2,0,2
BRDA:8,3,0,1
BRF:4
BRH:4
end_of_record
TN:
SF:server/auth/middleware.ts
FN:17,hasLimit
FN:20,isPromiseLike
FN:24,fetchOneSafe
FN:81,requireAuth
FN:206,optionalAuth
FN:282,setDatabaseSessionContext
FN:328,setDbContext
FN:297,isSafeSessionValue
FNF:8
FNH:7
FNDA:90,hasLimit
FNDA:2,isPromiseLike
FNDA:83,fetchOneSafe
FNDA:87,requireAuth
FNDA:3,optionalAuth
FNDA:69,setDatabaseSessionContext
FNDA:69,setDbContext
FNDA:0,isSafeSessionValue
DA:11,2
DA:12,2
DA:13,2
DA:14,2
DA:17,90
DA:18,90
DA:19,90
DA:20,2
DA:21,2
DA:22,2
DA:24,2
DA:25,83
DA:26,83
DA:27,82
DA:28,83
DA:29,2
DA:30,2
DA:31,2
DA:32,2
DA:33,2
DA:34,2
DA:35,27
DA:36,0
DA:37,0
DA:38,0
DA:39,2
DA:40,2
DA:81,87
DA:82,87
DA:83,87
DA:84,87
DA:85,87
DA:86,87
DA:87,87
DA:89,87
DA:90,87
DA:91,2
DA:92,2
DA:93,2
DA:94,2
DA:95,2
DA:96,2
DA:98,85
DA:101,85
DA:102,87
DA:103,1
DA:104,1
DA:105,1
DA:106,1
DA:107,1
DA:108,1
DA:111,83
DA:112,83
DA:113,83
DA:114,83
DA:119,83
DA:120,83
DA:122,83
DA:123,83
DA:124,83
DA:125,83
DA:126,83
DA:127,83
DA:128,82
DA:130,87
DA:131,78
DA:132,78
DA:133,78
DA:134,78
DA:135,78
DA:138,82
DA:139,87
DA:141,5
DA:143,4
DA:144,4
DA:145,4
DA:146,4
DA:147,4
DA:148,4
DA:149,4
DA:150,4
DA:151,0
DA:152,0
DA:153,0
DA:154,0
DA:155,4
DA:157,4
DA:158,3
DA:161,3
DA:162,2
DA:163,2
DA:164,3
DA:165,1
DA:166,1
DA:167,1
DA:168,1
DA:169,1
DA:170,1
DA:171,4
DA:172,1
DA:173,1
DA:174,1
DA:175,1
DA:176,1
DA:177,1
DA:178,5
DA:179,1
DA:180,1
DA:181,1
DA:182,1
DA:183,1
DA:184,1
DA:185,5
DA:188,79
DA:190,79
DA:191,87
DA:192,2
DA:193,2
DA:194,2
DA:195,2
DA:196,2
DA:197,2
DA:198,87
DA:206,3
DA:207,3
DA:208,3
DA:209,3
DA:210,3
DA:211,3
DA:212,3
DA:213,3
DA:215,1
DA:216,1
DA:217,1
DA:219,2
DA:222,2
DA:223,3
DA:225,1
DA:226,1
DA:227,1
DA:230,1
DA:231,1
DA:232,1
DA:233,1
DA:236,1
DA:237,1
DA:238,1
DA:239,1
DA:240,1
DA:241,1
DA:242,1
DA:243,1
DA:244,3
DA:245,0
DA:246,0
DA:247,0
DA:248,0
DA:249,3
DA:251,3
DA:252,0
DA:253,0
DA:254,0
DA:255,0
DA:256,0
DA:257,0
DA:260,1
DA:262,1
DA:263,3
DA:265,0
DA:266,0
DA:267,0
DA:268,3
DA:282,69
DA:284,69
DA:285,69
DA:286,69
DA:289,0
DA:290,0
DA:291,0
DA:293,0
DA:294,0
DA:295,69
DA:297,69
DA:298,0
DA:300,69
DA:304,0
DA:305,0
DA:306,0
DA:307,0
DA:308,0
DA:310,0
DA:311,0
DA:312,0
DA:313,0
DA:314,0
DA:315,0
DA:316,69
DA:328,69
DA:329,69
DA:330,69
DA:331,69
DA:332,69
DA:333,69
DA:334,69
DA:335,69
DA:336,69
DA:337,0
DA:338,0
DA:339,0
DA:340,0
DA:341,0
DA:342,0
DA:343,69
LF:213
LH:170
BRDA:17,0,0,90
BRDA:24,1,0,83
BRDA:26,2,0,82
BRDA:28,3,0,27
BRDA:81,4,0,87
BRDA:90,5,0,86
BRDA:90,6,0,2
BRDA:96,7,0,85
BRDA:101,8,0,84
BRDA:102,9,0,83
BRDA:102,10,0,1
BRDA:105,11,0,0
BRDA:108,12,0,83
BRDA:127,13,0,82
BRDA:128,14,0,82
BRDA:130,15,0,78
BRDA:135,16,0,82
BRDA:139,17,0,79
BRDA:141,18,0,2
BRDA:141,19,0,4
BRDA:150,20,0,0
BRDA:155,21,0,0
BRDA:157,22,0,3
BRDA:161,23,0,2
BRDA:164,24,0,1
BRDA:171,25,0,1
BRDA:178,26,0,1
BRDA:191,27,0,2
BRDA:206,28,0,3
BRDA:213,29,0,2
BRDA:213,30,0,1
BRDA:217,31,0,2
BRDA:223,32,0,1
BRDA:223,33,0,1
BRDA:244,34,0,0
BRDA:248,35,0,1
BRDA:249,36,0,0
BRDA:251,37,0,0
BRDA:257,38,0,1
BRDA:263,39,0,0
BRDA:20,40,0,2
BRDA:27,41,0,80
BRDA:28,42,0,2
BRDA:32,43,0,0
BRDA:33,44,0,0
BRDA:35,45,0,0
BRDA:38,46,0,2
BRDA:139,47,0,5
BRDA:282,48,0,69
BRDA:286,49,0,0
BRDA:295,50,0,0
BRDA:300,51,0,0
BRDA:328,52,0,69
BRDA:336,53,0,0
BRF:54
BRH:40
end_of_record
TN:
SF:server/auth/password.ts
FN:6,hashPassword
FN:12,comparePassword
FNF:2
FNH:2
FNDA:2,hashPassword
FNDA:2,comparePassword
DA:1,1
DA:2,1
DA:4,1
DA:6,2
DA:7,2
DA:8,2
DA:9,2
DA:10,2
DA:12,2
DA:13,2
DA:14,2
DA:15,2
DA:16,2
DA:17,2
LF:14
LH:14
BRDA:6,0,0,2
BRDA:12,1,0,2
BRF:2
BRH:2
end_of_record
TN:
SF:server/auth/supabase.ts
FN:94,getSupabaseAdmin
FN:111,getUserIdFromJwt
FN:128,verifySupabaseJwt
FNF:3
FNH:0
FNDA:0,getSupabaseAdmin
FNDA:0,getUserIdFromJwt
FNDA:0,verifySupabaseJwt
DA:12,2
DA:13,2
DA:14,2
DA:15,2
DA:18,2
DA:19,2
DA:20,2
DA:21,2
DA:24,2
DA:25,2
DA:26,2
DA:27,2
DA:30,2
DA:33,2
DA:34,2
DA:35,2
DA:38,2
DA:41,2
DA:42,2
DA:43,2
DA:46,2
DA:48,0
DA:49,0
DA:51,2
DA:52,0
DA:53,2
DA:54,2
DA:55,2
DA:57,2
DA:58,0
DA:59,0
DA:65,2
DA:66,2
DA:67,2
DA:68,2
DA:69,2
DA:70,2
DA:71,2
DA:72,2
DA:73,2
DA:74,2
DA:80,2
DA:81,0
DA:82,0
DA:83,0
DA:84,0
DA:85,0
DA:86,0
DA:87,2
DA:94,2
DA:95,0
DA:96,0
DA:97,0
DA:98,0
DA:99,0
DA:105,2
DA:111,2
DA:112,0
DA:113,0
DA:114,0
DA:116,0
DA:117,0
DA:118,0
DA:120,0
DA:121,0
DA:122,0
DA:128,0
DA:134,0
DA:135,0
DA:136,0
DA:138,0
DA:139,0
DA:140,0
DA:141,0
DA:142,0
DA:143,0
DA:145,0
DA:146,0
DA:147,0
DA:148,0
DA:149,0
DA:150,0
DA:151,0
DA:152,0
DA:153,0
DA:154,0
DA:155,0
DA:156,0
DA:157,0
LF:89
LH:41
BRDA:35,0,0,0
BRDA:35,1,0,0
BRDA:41,2,0,0
BRDA:42,3,0,0
BRDA:43,4,0,0
BRDA:46,5,0,0
BRDA:46,6,0,0
BRDA:51,7,0,0
BRDA:57,8,0,0
BRDA:57,9,0,0
BRDA:80,10,0,0
BRF:11
BRH:0
end_of_record
TN:
SF:shared/schema.ts
FNF:0
FNH:0
DA:1,1
DA:2,1
DA:5,1
DA:6,1
DA:7,1
DA:8,1
DA:9,1
DA:10,1
DA:11,1
DA:13,1
DA:14,1
DA:15,1
DA:16,1
DA:17,1
DA:18,1
DA:19,1
DA:20,1
DA:21,1
DA:22,1
DA:23,1
DA:24,1
DA:25,1
DA:26,1
DA:27,0
DA:28,0
DA:29,0
DA:30,0
DA:31,0
DA:32,0
DA:33,0
DA:35,1
DA:36,1
DA:37,1
DA:38,1
DA:39,1
DA:40,1
DA:41,1
DA:42,1
DA:43,1
DA:44,1
DA:45,1
DA:46,0
DA:48,0
DA:49,0
DA:50,0
DA:52,1
DA:53,1
DA:54,1
DA:55,1
DA:56,1
DA:57,1
DA:58,0
DA:60,0
DA:61,0
DA:62,0
DA:64,1
DA:65,1
DA:66,1
DA:67,1
DA:68,1
DA:70,1
DA:71,1
DA:72,1
DA:73,1
DA:75,1
DA:76,1
DA:77,1
DA:79,1
DA:80,1
DA:81,1
DA:82,1
DA:83,1
DA:85,1
DA:86,1
DA:87,1
DA:88,1
DA:89,1
DA:102,1
DA:103,1
DA:104,1
DA:105,1
DA:106,1
DA:107,1
DA:108,1
DA:109,1
DA:110,1
DA:111,1
DA:112,1
DA:113,1
DA:114,1
DA:115,0
DA:117,0
DA:118,0
DA:119,0
DA:120,0
DA:122,1
DA:123,1
DA:124,1
DA:125,1
DA:126,1
DA:127,1
DA:128,1
DA:129,1
DA:130,1
DA:131,1
DA:132,1
DA:133,1
DA:134,1
DA:135,1
DA:136,1
DA:137,1
DA:138,0
DA:139,0
DA:140,0
DA:141,0
DA:142,0
DA:145,1
DA:146,1
DA:147,1
DA:148,1
DA:149,1
DA:150,1
DA:151,1
DA:152,1
DA:153,1
DA:154,1
DA:155,0
DA:156,0
DA:157,0
DA:158,0
DA:159,0
DA:162,1
DA:163,1
DA:164,1
DA:165,1
DA:166,1
DA:167,1
DA:168,1
DA:169,1
DA:170,1
DA:171,1
DA:172,1
DA:173,0
DA:174,0
DA:175,0
DA:176,0
DA:177,0
DA:178,0
DA:181,1
DA:182,1
DA:183,1
DA:184,1
DA:185,1
DA:187,1
DA:188,1
DA:189,1
DA:190,1
DA:193,1
DA:194,1
DA:195,1
DA:196,1
DA:197,1
DA:199,1
DA:200,1
DA:201,1
DA:202,1
DA:214,1
DA:215,1
DA:216,1
DA:217,1
DA:218,1
DA:219,1
DA:221,1
DA:222,1
DA:223,1
DA:224,1
DA:227,1
DA:228,1
DA:229,1
DA:230,1
DA:274,1
DA:275,1
DA:276,1
DA:277,1
DA:278,1
DA:279,1
DA:280,1
DA:281,1
DA:282,1
DA:283,1
DA:284,1
DA:285,1
DA:286,1
DA:287,1
DA:288,0
DA:289,0
DA:290,0
DA:291,0
DA:292,0
DA:294,1
DA:295,1
DA:296,1
DA:297,1
DA:298,1
DA:299,1
DA:300,1
DA:301,1
DA:302,1
DA:303,0
DA:304,0
DA:305,0
DA:306,0
DA:308,1
DA:309,1
DA:310,1
DA:311,1
DA:312,1
DA:313,1
DA:314,1
DA:315,0
DA:316,0
DA:317,0
DA:318,0
DA:319,0
DA:320,0
LF:225
LH:174
BRF:0
BRH:0
end_of_record
